D:\MY DOCUMENTS\VISUAL STUDIO 2010\PROJECTS\SWEEPMINE\DEBUG\SWEEPMINE.EXE
D:\MY DOCUMENTS\VISUAL STUDIO 2010\PROJECTS\SWEEPMINE\DEBUG\SWEEPMINE.ILK
D:\MY DOCUMENTS\VISUAL STUDIO 2010\PROJECTS\SWEEPMINE\DEBUG\SWEEPMINE.PDB
D:\My Documents\Visual Studio 2010\Projects\SweepMine\SweepMine\Debug\cl.command.1.tlog
D:\My Documents\Visual Studio 2010\Projects\SweepMine\SweepMine\Debug\CL.read.1.tlog
D:\My Documents\Visual Studio 2010\Projects\SweepMine\SweepMine\Debug\CL.write.1.tlog
D:\My Documents\Visual Studio 2010\Projects\SweepMine\SweepMine\Debug\link.466844.read.1.tlog
D:\My Documents\Visual Studio 2010\Projects\SweepMine\SweepMine\Debug\link.466844.write.1.tlog
D:\My Documents\Visual Studio 2010\Projects\SweepMine\SweepMine\Debug\link.466844-cvtres.read.1.tlog
D:\My Documents\Visual Studio 2010\Projects\SweepMine\SweepMine\Debug\link.466844-cvtres.write.1.tlog
D:\My Documents\Visual Studio 2010\Projects\SweepMine\SweepMine\Debug\link.517324.read.1.tlog
D:\My Documents\Visual Studio 2010\Projects\SweepMine\SweepMine\Debug\link.517324.write.1.tlog
D:\My Documents\Visual Studio 2010\Projects\SweepMine\SweepMine\Debug\link.517324-cvtres.read.1.tlog
D:\My Documents\Visual Studio 2010\Projects\SweepMine\SweepMine\Debug\link.517324-cvtres.write.1.tlog
D:\My Documents\Visual Studio 2010\Projects\SweepMine\SweepMine\Debug\link.695144.read.1.tlog
D:\My Documents\Visual Studio 2010\Projects\SweepMine\SweepMine\Debug\link.695144.write.1.tlog
D:\My Documents\Visual Studio 2010\Projects\SweepMine\SweepMine\Debug\link.695144-cvtres.read.1.tlog
D:\My Documents\Visual Studio 2010\Projects\SweepMine\SweepMine\Debug\link.695144-cvtres.write.1.tlog
D:\My Documents\Visual Studio 2010\Projects\SweepMine\SweepMine\Debug\link.command.1.tlog
D:\My Documents\Visual Studio 2010\Projects\SweepMine\SweepMine\Debug\link.read.1.tlog
D:\My Documents\Visual Studio 2010\Projects\SweepMine\SweepMine\Debug\link.write.1.tlog
D:\My Documents\Visual Studio 2010\Projects\SweepMine\SweepMine\Debug\link-cvtres.read.1.tlog
D:\My Documents\Visual Studio 2010\Projects\SweepMine\SweepMine\Debug\link-cvtres.write.1.tlog
D:\My Documents\Visual Studio 2010\Projects\SweepMine\SweepMine\Debug\mt.command.1.tlog
D:\My Documents\Visual Studio 2010\Projects\SweepMine\SweepMine\Debug\mt.read.1.tlog
D:\My Documents\Visual Studio 2010\Projects\SweepMine\SweepMine\Debug\mt.write.1.tlog
D:\My Documents\Visual Studio 2010\Projects\SweepMine\SweepMine\Debug\rc.command.1.tlog
D:\My Documents\Visual Studio 2010\Projects\SweepMine\SweepMine\Debug\rc.read.1.tlog
D:\My Documents\Visual Studio 2010\Projects\SweepMine\SweepMine\Debug\rc.write.1.tlog
D:\MY DOCUMENTS\VISUAL STUDIO 2010\PROJECTS\SWEEPMINE\SWEEPMINE\DEBUG\STDAFX.OBJ
D:\MY DOCUMENTS\VISUAL STUDIO 2010\PROJECTS\SWEEPMINE\SWEEPMINE\DEBUG\SWEEPMINE.EXE.EMBED.MANIFEST
D:\MY DOCUMENTS\VISUAL STUDIO 2010\PROJECTS\SWEEPMINE\SWEEPMINE\DEBUG\SWEEPMINE.EXE.EMBED.MANIFEST.RES
D:\MY DOCUMENTS\VISUAL STUDIO 2010\PROJECTS\SWEEPMINE\SWEEPMINE\DEBUG\SWEEPMINE.EXE.INTERMEDIATE.MANIFEST
D:\MY DOCUMENTS\VISUAL STUDIO 2010\PROJECTS\SWEEPMINE\SWEEPMINE\DEBUG\SWEEPMINE.OBJ
D:\MY DOCUMENTS\VISUAL STUDIO 2010\PROJECTS\SWEEPMINE\SWEEPMINE\DEBUG\SWEEPMINE.PCH
D:\MY DOCUMENTS\VISUAL STUDIO 2010\PROJECTS\SWEEPMINE\SWEEPMINE\DEBUG\SWEEPMINE.RES
D:\My Documents\Visual Studio 2010\Projects\SweepMine\SweepMine\Debug\SweepMine.vcxprojResolveAssemblyReference.cache
D:\My Documents\Visual Studio 2010\Projects\SweepMine\SweepMine\Debug\SweepMine.write.1.tlog
D:\My Documents\Visual Studio 2010\Projects\SweepMine\SweepMine\Debug\SweepMine_manifest.rc
D:\My Documents\Visual Studio 2010\Projects\SweepMine\SweepMine\Debug\vc100.idb
D:\MY DOCUMENTS\VISUAL STUDIO 2010\PROJECTS\SWEEPMINE\SWEEPMINE\DEBUG\VC100.PDB
